<?xml version="1.0" encoding="UTF-8"?>
<!-- Generated by org.testng.reporters.JUnitReportReporter -->
<testsuite skipped="0" hostname="SWAROOP" name="com.inetbanking.testCases.TC_AddCustomerTest_003" tests="1" failures="0" timestamp="06 Sep 2021 03:09:01 GMT" time="16.387" errors="0">
  <testcase name="addNewCustomer" time="16.387" classname="com.inetbanking.testCases.TC_AddCustomerTest_003"/>
</testsuite> <!-- com.inetbanking.testCases.TC_AddCustomerTest_003 -->
