<?xml version="1.0" encoding="UTF-8"?>
<!-- Generated by org.testng.reporters.JUnitReportReporter -->
<testsuite skipped="0" hostname="SWAROOP" name="com.inetbanking.testCases.TC_LoginTest_001" tests="1" failures="0" timestamp="07 Sep 2021 03:28:03 GMT" time="2.802" errors="0">
  <testcase name="loginTest" time="2.802" classname="com.inetbanking.testCases.TC_LoginTest_001"/>
</testsuite> <!-- com.inetbanking.testCases.TC_LoginTest_001 -->
